[08:00:57] PMDA OTC スクレイパー開始 limit=50 resume=True
[08:00:57] 既存: 0件
[08:01:04] 薬効分類 1110 (cold)
[08:01:09]   p1: 0件
[08:01:09] 薬効分類 1114 (cold)
[08:01:12]   p1: 0件
[08:01:12] 薬効分類 1115 (cold)
[08:01:16]   p1: 0件
[08:01:16] 薬効分類 1120 (sleep)
[08:01:19]   p1: 0件
[08:01:19] 薬効分類 1121 (sleep)
[08:01:23]   p1: 0件
[08:01:23] 薬効分類 1113 (motion)
[08:01:26]   p1: 0件
[08:01:26] 薬効分類 2100 (circu)
[08:01:29]   p1: 0件
[08:01:29] 薬効分類 2200 (cough)
[08:01:33]   p1: 0件
[08:01:33] 薬効分類 2210 (cough)
[08:01:37]   p1: 0件
[08:01:37] 薬効分類 2300 (stomach)
[08:01:40]   p1: 0件
[08:01:40] 薬効分類 2310 (stomach)
[08:01:43]   p1: 0件
[08:01:43] 薬効分類 2320 (stomach)
[08:01:47]   p1: 0件
[08:01:47] 薬効分類 2330 (stomach)
[08:01:50]   p1: 0件
[08:01:50] 薬効分類 2340 (stomach)
[08:01:53]   p1: 0件
[08:01:53] 薬効分類 2360 (stomach)
[08:01:57]   p1: 0件
[08:01:57] 薬効分類 2370 (stomach)
[08:02:00]   p1: 0件
[08:02:00] 薬効分類 2380 (stomach)
[08:02:04]   p1: 0件
[08:02:04] 薬効分類 2540 (anal)
[08:02:07]   p1: 0件
[08:02:07] 薬効分類 2550 (anal)
[08:02:11]   p1: 0件
[08:02:11] 薬効分類 2590 (smoking)
[08:02:15]   p1: 0件
[08:02:15] 薬効分類 2600 (ext_skin)
[08:02:18]   p1: 0件
[08:02:18] 薬効分類 2620 (ext_skin)
[08:02:22]   p1: 0件
[08:02:22] 薬効分類 2640 (ext_pain)
[08:02:26]   p1: 0件
[08:02:26] 薬効分類 2650 (foot)
[08:02:29]   p1: 0件
[08:02:29] 薬効分類 2670 (hair)
[08:02:32]   p1: 0件
[08:02:32] 薬効分類 2260 (oral)
[08:02:36]   p1: 0件
[08:02:36] 薬効分類 2270 (oral)
[08:02:39]   p1: 0件
[08:02:39] 薬効分類 2280 (oral)
[08:02:43]   p1: 0件
[08:02:43] 薬効分類 3100 (vitamin)
[08:02:46]   p1: 0件
[08:02:46] 薬効分類 3110 (vitamin)
[08:02:49]   p1: 0件
[08:02:49] 薬効分類 3120 (vitamin)
[08:02:53]   p1: 0件
[08:02:53] 薬効分類 3130 (vitamin)
[08:02:56]   p1: 0件
[08:02:56] 薬効分類 3140 (vitamin)
[08:03:00]   p1: 0件
[08:03:00] 薬効分類 3150 (vitamin)
[08:03:03]   p1: 0件
[08:03:03] 薬効分類 3190 (vitamin)
[08:03:06]   p1: 0件
[08:03:06] 薬効分類 3200 (vitamin)
[08:03:10]   p1: 0件
[08:03:10] 薬効分類 4100 (circu)
[08:03:13]   p1: 0件
[08:03:13] 薬効分類 4410 (allergy)
[08:03:17]   p1: 0件
[08:03:17] 薬効分類 4490 (allergy)
[08:03:20]   p1: 0件
[08:03:20] 薬効分類 4620 (women)
[08:03:23]   p1: 0件
[08:03:23] 薬効分類 5100 (kampo)
[08:03:27]   p1: 0件
[08:03:27] 薬効分類 1310 (eye)
[08:03:30]   p1: 0件
[08:03:30] 薬効分類 1320 (eye)
[08:03:33]   p1: 0件
[08:03:33] 薬効分類 1330 (eye)
[08:03:37]   p1: 0件
[08:03:37] 薬効分類 1340 (eye)
[08:03:40]   p1: 0件
[08:03:40] 薬効分類 1350 (nose)
[08:03:44]   p1: 0件
[08:03:44] 薬効分類 1360 (nose)
[08:03:47]   p1: 0件
[08:03:47] 薬効分類 8700 (test)
[08:03:50]   p1: 0件
[08:03:51] 保存: /home/runner/work/otc-hikaku/otc-hikaku/scraper/medicines.json (0件)
[08:03:51] 完了: 新規0件 合計0件
